<?xml version="1.0" encoding="UTF-8"?>
<testsuite xmlns:xsi="http://www.w3.org/2001/XMLSchema-instance" xsi:noNamespaceSchemaLocation="https://maven.apache.org/surefire/maven-surefire-plugin/xsd/surefire-test-report-3.0.xsd" version="3.0" name="com.example.LionTest" time="0.035" tests="7" errors="0" skipped="0" failures="0">
  <properties>
[...]
</properties>
  <testcase name="createLionWithIncorrectNameThrowExeption(String)[1]" classname="com.example.LionTest" time="0.007"/>
  <testcase name="doesHaveManeTrueLionShowsTrue(String)[1]" classname="com.example.LionTest" time="0.003"/>
  <testcase name="doesHaveManeTrueLionShowsTrue(String)[2]" classname="com.example.LionTest" time="0.002"/>
  <testcase name="getFoodTrueLionShowsTrue(String)[1]" classname="com.example.LionTest" time="0.005"/>
  <testcase name="getFoodTrueLionShowsTrue(String)[2]" classname="com.example.LionTest" time="0.003"/>
  <testcase name="getKittensTrueLionShowsTrue(String)[1]" classname="com.example.LionTest" time="0.002"/>
  <testcase name="getKittensTrueLionShowsTrue(String)[2]" classname="com.example.LionTest" time="0.002"/>
</testsuite>